TN:
SF:config.js
FNF:0
FNH:0
DA:2,3
LF:1
LH:1
BRF:0
BRH:0
end_of_record
TN:
SF:openaiClient.js
FN:4,getOpenAIClient
FNF:1
FNH:0
FNDA:0,getOpenAIClient
DA:2,3
DA:7,0
DA:12,3
LF:3
LH:2
BRF:0
BRH:0
end_of_record
TN:
SF:server.js
FN:30,(anonymous_0)
FN:39,(anonymous_1)
FN:48,(anonymous_2)
FN:57,(anonymous_3)
FN:67,(anonymous_4)
FN:78,(anonymous_5)
FNF:6
FNH:3
FNDA:2,(anonymous_0)
FNDA:2,(anonymous_1)
FNDA:0,(anonymous_2)
FNDA:3,(anonymous_3)
FNDA:0,(anonymous_4)
FNDA:0,(anonymous_5)
DA:1,3
DA:2,3
DA:3,3
DA:4,3
DA:6,3
DA:7,3
DA:8,3
DA:9,3
DA:10,3
DA:11,3
DA:13,3
DA:14,3
DA:15,3
DA:16,3
DA:18,3
DA:19,3
DA:22,3
DA:23,3
DA:24,3
DA:27,3
DA:30,3
DA:31,2
DA:32,2
DA:34,0
DA:35,0
DA:39,3
DA:40,2
DA:41,2
DA:43,0
DA:44,0
DA:48,3
DA:49,0
DA:50,0
DA:52,0
DA:53,0
DA:57,3
DA:58,3
DA:59,3
DA:61,0
DA:62,0
DA:67,3
DA:68,0
DA:69,0
DA:75,3
DA:77,3
DA:78,0
DA:79,0
LF:47
LH:33
BRDA:69,0,0,0
BRDA:69,0,1,0
BRDA:77,1,0,0
BRDA:77,1,1,3
BRF:4
BRH:1
end_of_record
TN:
SF:routes\combineMusicRoute.js
FN:7,(anonymous_0)
FN:56,combineAudioFiles
FN:58,(anonymous_2)
FN:76,addEndMusic
FN:80,(anonymous_4)
FN:80,(anonymous_5)
FNF:6
FNH:0
FNDA:0,(anonymous_0)
FNDA:0,combineAudioFiles
FNDA:0,(anonymous_2)
FNDA:0,addEndMusic
FNDA:0,(anonymous_4)
FNDA:0,(anonymous_5)
DA:1,3
DA:2,3
DA:3,3
DA:4,3
DA:5,3
DA:7,3
DA:8,0
DA:9,0
DA:12,0
DA:13,0
DA:20,0
DA:21,0
DA:22,0
DA:24,0
DA:31,0
DA:32,0
DA:34,0
DA:35,0
DA:38,0
DA:41,0
DA:44,0
DA:45,0
DA:47,0
DA:48,0
DA:57,0
DA:58,0
DA:60,0
DA:61,0
DA:63,0
DA:64,0
DA:66,0
DA:67,0
DA:69,0
DA:70,0
DA:77,0
DA:78,0
DA:80,0
DA:81,0
DA:84,0
DA:85,0
DA:87,0
DA:88,0
DA:93,3
DA:95,3
DA:96,3
LF:45
LH:9
BRDA:12,0,0,0
BRDA:12,0,1,0
BRDA:12,1,0,0
BRDA:12,1,1,0
BRDA:12,1,2,0
BRDA:80,2,0,0
BRDA:80,2,1,0
BRF:7
BRH:0
end_of_record
TN:
SF:routes\generateAudioRoute.js
FN:7,(anonymous_0)
FN:21,(anonymous_1)
FN:24,(anonymous_2)
FNF:3
FNH:3
FNDA:3,(anonymous_0)
FNDA:60,(anonymous_1)
FNDA:30,(anonymous_2)
DA:1,3
DA:2,3
DA:3,3
DA:4,3
DA:5,3
DA:7,3
DA:8,3
DA:9,3
DA:12,3
DA:13,1
DA:20,2
DA:21,60
DA:24,2
DA:25,30
DA:26,30
DA:28,30
DA:38,30
DA:39,28
DA:43,1
DA:44,1
DA:47,1
DA:48,1
DA:49,1
DA:51,1
DA:52,1
DA:60,3
DA:62,3
DA:63,3
LF:28
LH:28
BRDA:12,0,0,1
BRDA:12,0,1,2
BRDA:32,1,0,16
BRDA:32,1,1,14
BRDA:33,2,0,16
BRDA:33,2,1,14
BRF:6
BRH:6
end_of_record
TN:
SF:routes\generateScriptRoute.js
FN:8,(anonymous_0)
FNF:1
FNH:1
FNDA:2,(anonymous_0)
DA:1,3
DA:2,3
DA:3,3
DA:4,3
DA:5,3
DA:6,3
DA:8,3
DA:9,2
DA:10,2
DA:13,2
DA:14,1
DA:20,1
DA:29,1
DA:36,1
DA:38,1
DA:43,0
DA:44,0
DA:51,3
DA:53,3
DA:54,3
LF:20
LH:18
BRDA:13,0,0,1
BRDA:13,0,1,1
BRDA:13,1,0,2
BRDA:13,1,1,1
BRF:4
BRH:4
end_of_record
TN:
SF:routes\synthesizeRoute.js
FN:12,generatePodcastScript
FN:35,splitTextIntoChunks
FN:41,(anonymous_2)
FN:86,addEndMusic
FNF:4
FNH:3
FNDA:1,generatePodcastScript
FNDA:1,splitTextIntoChunks
FNDA:2,(anonymous_2)
FNDA:0,addEndMusic
DA:1,3
DA:2,3
DA:3,3
DA:4,3
DA:5,3
DA:7,3
DA:8,3
DA:9,3
DA:10,3
DA:13,1
DA:15,1
DA:24,1
DA:31,1
DA:32,1
DA:36,1
DA:37,1
DA:38,1
DA:41,3
DA:42,2
DA:43,2
DA:44,2
DA:47,2
DA:48,1
DA:55,1
DA:56,1
DA:58,1
DA:60,1
DA:61,53
DA:67,53
DA:68,52
DA:71,0
DA:73,0
DA:74,0
DA:76,0
DA:77,0
DA:84,3
DA:87,0
DA:88,0
DA:89,0
DA:91,0
DA:92,0
DA:95,0
DA:96,0
DA:98,0
DA:99,0
DA:102,0
DA:103,0
DA:105,0
DA:107,0
DA:108,0
DA:110,0
DA:111,0
DA:115,3
DA:116,3
LF:54
LH:33
BRDA:47,0,0,1
BRDA:47,0,1,1
BRDA:47,1,0,2
BRDA:47,1,1,1
BRDA:91,2,0,0
BRDA:91,2,1,0
BRDA:98,3,0,0
BRDA:98,3,1,0
BRF:8
BRH:4
end_of_record
